BEGIN;
BEGIN
EXPLAIN
select
	l_shipmode,
	sum(case
		when o_orderpriority = '1-URGENT'
			or o_orderpriority = '2-HIGH'
			then 1
		else 0
	end) as high_line_count,
	sum(case
		when o_orderpriority <> '1-URGENT'
			and o_orderpriority <> '2-HIGH'
			then 1
		else 0
	end) as low_line_count
from
	orders,
	lineitem
where
	o_orderkey = l_orderkey
	and l_shipmode in ('MAIL', 'AIR')
	and l_commitdate < l_receiptdate
	and l_shipdate < l_commitdate
	and l_receiptdate >= date '1995-01-01'
	and l_receiptdate < date '1995-01-01' + interval '1 year'
group by
	l_shipmode
order by
	l_shipmode;
                                                                                                QUERY PLAN                                                                                                
----------------------------------------------------------------------------------------------------------------------------------------------------------------------------------------------------------
 Sort  (cost=1998958.01..1998958.01 rows=1 width=27)
   Sort Key: lineitem.l_shipmode
   ->  HashAggregate  (cost=1998957.99..1998958.00 rows=1 width=27)
         Group Key: lineitem.l_shipmode
         ->  Remote Subquery Scan on all (datanode_1_1,datanode_2_1)  (cost=678751.66..1993894.63 rows=289335 width=27)
               ->  HashAggregate  (cost=678751.66..1993894.63 rows=1 width=27)
                     Group Key: lineitem.l_shipmode
                     ->  Hash Join  (cost=678751.66..1993894.63 rows=289335 width=27)
                           Hash Cond: (lineitem.l_orderkey = orders.o_orderkey)
                           ->  Bitmap Heap Scan on lineitem  (cost=76.46..1215458.71 rows=289335 width=15)
                                 Recheck Cond: ((l_commitdate < l_receiptdate) AND (l_shipdate < l_commitdate))
                                 Filter: ((l_shipmode = ANY ('{MAIL,AIR}'::bpchar[])) AND (l_receiptdate >= '1995-01-01'::date) AND (l_receiptdate < '1996-01-01 00:00:00'::timestamp without time zone))
                                 ->  Bitmap Index Scan on lineitem_l_orderkey_idx_part2  (cost=0.00..4.13 rows=6665122 width=0)
                           ->  Hash  (cost=403278.20..403278.20 rows=15000320 width=20)
                                 ->  Seq Scan on orders  (cost=0.00..403278.20 rows=15000320 width=20)
(15 rows)

COMMIT;
COMMIT
